<?xml version="1.0" encoding="UTF-8"?>
<testsuite xmlns:xsi="http://www.w3.org/2001/XMLSchema-instance" xsi:noNamespaceSchemaLocation="https://maven.apache.org/surefire/maven-surefire-plugin/xsd/surefire-test-report-3.0.xsd" version="3.0" name="com.example.GameEngineIntegrationTest" time="0.004" tests="4" errors="0" skipped="0" failures="0">
  <properties>
[...]
</properties>
  <testcase name="tick_movesEnemyLeftOnEachFrame" classname="com.example.GameEngineIntegrationTest" time="0.001"/>
  <testcase name="tick_whenCollisionHappens_stopsGameAndNextTicksDoNotAdvance" classname="com.example.GameEngineIntegrationTest" time="0.0"/>
  <testcase name="tick_whenEnemyLeavesScreen_addsPointAndRespawns" classname="com.example.GameEngineIntegrationTest" time="0.0"/>
  <testcase name="getPlayer_returnsDefensiveCopy" classname="com.example.GameEngineIntegrationTest" time="0.001"/>
</testsuite>